In file included from ./string_map.h:101:0,
                 from ../../../../../../taller4/string_map_tests.cpp:2:
./string_map.hpp: In instantiation of ‘string_map<T>& string_map<T>::operator=(const string_map<T>&) [with T = int]’:
./string_map.hpp:8:80:   required from ‘string_map<T>::string_map(const string_map<T>&) [with T = int]’
../../../../../../taller4/string_map_tests.cpp:98:39:   required from here
./string_map.hpp:15:22: warning: comparison between signed and unsigned integer expressions [-Wsign-compare]
     for(int i = 0; i < palabras.size(); i++){
./string_map.hpp: In instantiation of ‘void string_map<T>::eraseRecursivo(string_map<T>::Nodo*, const string&, int) [with T = int; std::__cxx11::string = std::__cxx11::basic_string<char>]’:
./string_map.hpp:104:19:   required from ‘void string_map<T>::erase(const string&) [with T = int; std::__cxx11::string = std::__cxx11::basic_string<char>]’
../../../../../../taller4/string_map_tests.cpp:178:27:   required from here
./string_map.hpp:111:19: warning: comparison between signed and unsigned integer expressions [-Wsign-compare]
         if (nivel == clave.size()) {
             ~~~~~~^~~~~~~~~~~~~~~
./string_map.hpp:119:18: warning: comparison between signed and unsigned integer expressions [-Wsign-compare]
         if(nivel < clave.size()){
            ~~~~~~^~~~~~~~~~~~~~
./string_map.hpp: In member function ‘bool string_map<T>::vacio(string_map<T>::Nodo*) const [with T = int]’:
./string_map.hpp:146:1: warning: control reaches end of non-void function [-Wreturn-type]
 }
 ^
./string_map.hpp: In member function ‘bool string_map<T>::vacio(string_map<T>::Nodo*) const [with T = string_map<int>]’:
./string_map.hpp:146:1: warning: control reaches end of non-void function [-Wreturn-type]
 }
 ^
